<?xml version="1.0" encoding="UTF-8"?>
<!-- Generated by org.testng.reporters.JUnitXMLReporter -->
<testsuite ignored="0" hostname="APIUXNB1459" failures="1" tests="1" name="Default test" time="0.294" errors="0" timestamp="2022-03-22T22:25:33 CLST">
  <testcase classname="io.cucumber.testng.AbstractTestNGCucumberTests" name="runScenario" time="0.09">
    <failure type="java.lang.IllegalStateException" message="The driver executable must exist: C:\Users\Apiux\Downloads\chromedriver_win32.zip\to\chromedriver">
      <![CDATA[java.lang.IllegalStateException: The driver executable must exist: C:\Users\Apiux\Downloads\chromedriver_win32.zip\to\chromedriver
at org.openqa.selenium.internal.Require$FileStateChecker.isFile(Require.java:342)
at org.openqa.selenium.remote.service.DriverService.checkExecutable(DriverService.java:147)
at org.openqa.selenium.remote.service.DriverService.findExecutable(DriverService.java:142)
at org.openqa.selenium.chrome.ChromeDriverService.access$000(ChromeDriverService.java:38)
at org.openqa.selenium.chrome.ChromeDriverService$Builder.findDefaultExecutable(ChromeDriverService.java:231)
at org.openqa.selenium.remote.service.DriverService$Builder.build(DriverService.java:437)
at org.openqa.selenium.chrome.ChromeDriverService.createDefaultService(ChromeDriverService.java:127)
at org.openqa.selenium.chrome.ChromeDriver.<init>(ChromeDriver.java:48)
at stepDefinitions.GreenKartStepDefinition.user_is_on_greencart_landing_page(GreenKartStepDefinition.java:24)
at ✽.User is on greencart landing page(file:///C:/Users/Apiux/eclipse-workspace/CucumberFramework/src/test/java/features/searchProduct.feature:4)
]]>
    </failure>
  </testcase> <!-- runScenario -->
</testsuite> <!-- Default test -->
